  FileName.cpp
C:\Users\22127\source\repos\code\test-c\2025-5-5\2025-5-5\HashTable.h(5,34): error C2143: 语法错误: 缺少“;”(在“return”的前面)
  (编译源文件“FileName.cpp”)
      C:\Users\22127\source\repos\code\test-c\2025-5-5\2025-5-5\HashTable.h(5,34):
      模板实例化上下文(最早的实例化上下文)为
          C:\Users\22127\source\repos\code\test-c\2025-5-5\2025-5-5\HashTable.h(4,8):
          在编译类模板“DefaultHashFunc”时
  
C:\Users\22127\source\repos\code\test-c\2025-5-5\2025-5-5\HashTable.h(5,34): error C2059: 语法错误:“return”
  (编译源文件“FileName.cpp”)
  
C:\Users\22127\source\repos\code\test-c\2025-5-5\2025-5-5\HashTable.h(5,52): error C2238: 意外的标记位于“;”之前
  (编译源文件“FileName.cpp”)
  
C:\Users\22127\source\repos\code\test-c\2025-5-5\2025-5-5\HashTable.h(42,37): error C2187: 语法错误: 此处出现意外的“)”
  (编译源文件“FileName.cpp”)
  
C:\Users\22127\source\repos\code\test-c\2025-5-5\2025-5-5\HashTable.h(58,2): error C2143: 语法错误: 缺少“;”(在“标识符”的前面)
  (编译源文件“FileName.cpp”)
  
C:\Users\22127\source\repos\code\test-c\2025-5-5\2025-5-5\HashTable.h(32,22): error C3646: “_table”: 未知重写说明符
  (编译源文件“FileName.cpp”)
      C:\Users\22127\source\repos\code\test-c\2025-5-5\2025-5-5\HashTable.h(32,22):
      模板实例化上下文(最早的实例化上下文)为
          C:\Users\22127\source\repos\code\test-c\2025-5-5\2025-5-5\HashTable.h(31,8):
          在编译类模板“open_address::HashTable”时
  
C:\Users\22127\source\repos\code\test-c\2025-5-5\2025-5-5\HashTable.h(32,28): error C2143: 语法错误: 缺少“;”(在“.”的前面)
  (编译源文件“FileName.cpp”)
  
C:\Users\22127\source\repos\code\test-c\2025-5-5\2025-5-5\HashTable.h(32,28): error C2059: 语法错误:“.”
  (编译源文件“FileName.cpp”)
  
C:\Users\22127\source\repos\code\test-c\2025-5-5\2025-5-5\HashTable.h(32,39): error C2238: 意外的标记位于“;”之前
  (编译源文件“FileName.cpp”)
  
C:\Users\22127\source\repos\code\test-c\2025-5-5\2025-5-5\HashTable.h(34,6): error C2143: 语法错误: 缺少“;”(在“if”的前面)
  (编译源文件“FileName.cpp”)
  
C:\Users\22127\source\repos\code\test-c\2025-5-5\2025-5-5\HashTable.h(34,6): error C2059: 语法错误:“if”
  (编译源文件“FileName.cpp”)
  
C:\Users\22127\source\repos\code\test-c\2025-5-5\2025-5-5\HashTable.h(34,39): error C2238: 意外的标记位于“;”之前
  (编译源文件“FileName.cpp”)
  
C:\Users\22127\source\repos\code\test-c\2025-5-5\2025-5-5\HashTable.h(35,5): error C2059: 语法错误:“if”
  (编译源文件“FileName.cpp”)
  
C:\Users\22127\source\repos\code\test-c\2025-5-5\2025-5-5\HashTable.h(35,39): error C2334: “{”的前面有意外标记；跳过明显的函数体
  (编译源文件“FileName.cpp”)
  
C:\Users\22127\source\repos\code\test-c\2025-5-5\2025-5-5\HashTable.h(49,5): error C2059: 语法错误:“while”
  (编译源文件“FileName.cpp”)
  
C:\Users\22127\source\repos\code\test-c\2025-5-5\2025-5-5\HashTable.h(49,42): error C2334: “{”的前面有意外标记；跳过明显的函数体
  (编译源文件“FileName.cpp”)
  
C:\Users\22127\source\repos\code\test-c\2025-5-5\2025-5-5\HashTable.h(53,12): error C2597: 对非静态成员“open_address::HashTable<K,V,HashFunc>::hashi”的非法引用
  (编译源文件“FileName.cpp”)
      C:\Users\22127\source\repos\code\test-c\2025-5-5\2025-5-5\HashTable.h(48,12):
      参见“open_address::HashTable<K,V,HashFunc>::hashi”的声明
  
C:\Users\22127\source\repos\code\test-c\2025-5-5\2025-5-5\HashTable.h(53,5): error C3927: "->": 非函数声明符后不允许尾随返回类型
  (编译源文件“FileName.cpp”)
  
C:\Users\22127\source\repos\code\test-c\2025-5-5\2025-5-5\HashTable.h(53,18): error C3484: 语法错误: 返回类型前应为“->”
  (编译源文件“FileName.cpp”)
  
C:\Users\22127\source\repos\code\test-c\2025-5-5\2025-5-5\HashTable.h(53,19): error C3613: “->”后缺少返回类型(假定为“int”)
  (编译源文件“FileName.cpp”)
  
C:\Users\22127\source\repos\code\test-c\2025-5-5\2025-5-5\HashTable.h(53,19): error C3646: “_kv”: 未知重写说明符
  (编译源文件“FileName.cpp”)
  
C:\Users\22127\source\repos\code\test-c\2025-5-5\2025-5-5\HashTable.h(53,23): error C2059: 语法错误:“=”
  (编译源文件“FileName.cpp”)
  
C:\Users\22127\source\repos\code\test-c\2025-5-5\2025-5-5\HashTable.h(53,27): error C2238: 意外的标记位于“;”之前
  (编译源文件“FileName.cpp”)
  
C:\Users\22127\source\repos\code\test-c\2025-5-5\2025-5-5\HashTable.h(54,12): error C2597: 对非静态成员“open_address::HashTable<K,V,HashFunc>::hashi”的非法引用
  (编译源文件“FileName.cpp”)
      C:\Users\22127\source\repos\code\test-c\2025-5-5\2025-5-5\HashTable.h(48,12):
      参见“open_address::HashTable<K,V,HashFunc>::hashi”的声明
  
C:\Users\22127\source\repos\code\test-c\2025-5-5\2025-5-5\HashTable.h(54,5): error C3927: "->": 非函数声明符后不允许尾随返回类型
  (编译源文件“FileName.cpp”)
  
C:\Users\22127\source\repos\code\test-c\2025-5-5\2025-5-5\HashTable.h(54,18): error C3484: 语法错误: 返回类型前应为“->”
  (编译源文件“FileName.cpp”)
  
C:\Users\22127\source\repos\code\test-c\2025-5-5\2025-5-5\HashTable.h(54,19): error C3613: “->”后缺少返回类型(假定为“int”)
  (编译源文件“FileName.cpp”)
  
C:\Users\22127\source\repos\code\test-c\2025-5-5\2025-5-5\HashTable.h(54,19): error C3646: “_state”: 未知重写说明符
  (编译源文件“FileName.cpp”)
  
C:\Users\22127\source\repos\code\test-c\2025-5-5\2025-5-5\HashTable.h(54,26): error C2059: 语法错误:“=”
  (编译源文件“FileName.cpp”)
  
C:\Users\22127\source\repos\code\test-c\2025-5-5\2025-5-5\HashTable.h(54,33): error C2238: 意外的标记位于“;”之前
  (编译源文件“FileName.cpp”)
  
C:\Users\22127\source\repos\code\test-c\2025-5-5\2025-5-5\HashTable.h(55,5): error C2059: 语法错误:“++”
  (编译源文件“FileName.cpp”)
  
C:\Users\22127\source\repos\code\test-c\2025-5-5\2025-5-5\HashTable.h(55,9): error C2238: 意外的标记位于“;”之前
  (编译源文件“FileName.cpp”)
  
C:\Users\22127\source\repos\code\test-c\2025-5-5\2025-5-5\HashTable.h(56,5): error C2059: 语法错误:“return”
  (编译源文件“FileName.cpp”)
  
C:\Users\22127\source\repos\code\test-c\2025-5-5\2025-5-5\HashTable.h(56,16): error C2238: 意外的标记位于“;”之前
  (编译源文件“FileName.cpp”)
  
C:\Users\22127\source\repos\code\test-c\2025-5-5\2025-5-5\HashTable.h(58,17): error C2065: “K”: 未声明的标识符
  (编译源文件“FileName.cpp”)
  
C:\Users\22127\source\repos\code\test-c\2025-5-5\2025-5-5\HashTable.h(58,19): error C2065: “V”: 未声明的标识符
  (编译源文件“FileName.cpp”)
  
C:\Users\22127\source\repos\code\test-c\2025-5-5\2025-5-5\HashTable.h(58,11): error C4430: 缺少类型说明符 - 假定为 int。注意: C++ 不支持默认 int
  (编译源文件“FileName.cpp”)
  
C:\Users\22127\source\repos\code\test-c\2025-5-5\2025-5-5\HashTable.h(58,17): error C2146: 语法错误: 缺少“>”(在标识符“K”的前面)
  (编译源文件“FileName.cpp”)
  
C:\Users\22127\source\repos\code\test-c\2025-5-5\2025-5-5\HashTable.h(58,28): error C4430: 缺少类型说明符 - 假定为 int。注意: C++ 不支持默认 int
  (编译源文件“FileName.cpp”)
  
C:\Users\22127\source\repos\code\test-c\2025-5-5\2025-5-5\HashTable.h(58,35): error C2143: 语法错误: 缺少“,”(在“&”的前面)
  (编译源文件“FileName.cpp”)
  
C:\Users\22127\source\repos\code\test-c\2025-5-5\2025-5-5\HashTable.h(60,3): error C2065: “HashFunc”: 未声明的标识符
  (编译源文件“FileName.cpp”)
  
C:\Users\22127\source\repos\code\test-c\2025-5-5\2025-5-5\HashTable.h(60,12): error C2146: 语法错误: 缺少“;”(在标识符“hf”的前面)
  (编译源文件“FileName.cpp”)
  
C:\Users\22127\source\repos\code\test-c\2025-5-5\2025-5-5\HashTable.h(60,12): error C2065: “hf”: 未声明的标识符
  (编译源文件“FileName.cpp”)
  
C:\Users\22127\source\repos\code\test-c\2025-5-5\2025-5-5\HashTable.h(61,21): error C2065: “key”: 未声明的标识符
  (编译源文件“FileName.cpp”)
  
C:\Users\22127\source\repos\code\test-c\2025-5-5\2025-5-5\HashTable.h(61,18): error C3861: “hf”: 找不到标识符
  (编译源文件“FileName.cpp”)
  
C:\Users\22127\source\repos\code\test-c\2025-5-5\2025-5-5\HashTable.h(61,28): error C2065: “_table”: 未声明的标识符
  (编译源文件“FileName.cpp”)
  
C:\Users\22127\source\repos\code\test-c\2025-5-5\2025-5-5\HashTable.h(62,10): error C2065: “_table”: 未声明的标识符
  (编译源文件“FileName.cpp”)
  
C:\Users\22127\source\repos\code\test-c\2025-5-5\2025-5-5\HashTable.h(63,8): error C2065: “_table”: 未声明的标识符
  (编译源文件“FileName.cpp”)
  
C:\Users\22127\source\repos\code\test-c\2025-5-5\2025-5-5\HashTable.h(63,41): error C2065: “_table”: 未声明的标识符
  (编译源文件“FileName.cpp”)
  
C:\Users\22127\source\repos\code\test-c\2025-5-5\2025-5-5\HashTable.h(63,68): error C2065: “key”: 未声明的标识符
  (编译源文件“FileName.cpp”)
  
C:\Users\22127\source\repos\code\test-c\2025-5-5\2025-5-5\HashTable.h(64,21): error C4430: 缺少类型说明符 - 假定为 int。注意: C++ 不支持默认 int
  (编译源文件“FileName.cpp”)
  
C:\Users\22127\source\repos\code\test-c\2025-5-5\2025-5-5\HashTable.h(64,27): error C2146: 语法错误: 缺少“>”(在标识符“K”的前面)
  (编译源文件“FileName.cpp”)
  
C:\Users\22127\source\repos\code\test-c\2025-5-5\2025-5-5\HashTable.h(64,30): error C2065: “V”: 未声明的标识符
  (编译源文件“FileName.cpp”)
  
C:\Users\22127\source\repos\code\test-c\2025-5-5\2025-5-5\HashTable.h(64,12): error C2062: 意外的类型“unknown-type” 
  (编译源文件“FileName.cpp”)
  
C:\Users\22127\source\repos\code\test-c\2025-5-5\2025-5-5\HashTable.h(64,33): error C2059: 语法错误:“)”
  (编译源文件“FileName.cpp”)
  
C:\Users\22127\source\repos\code\test-c\2025-5-5\2025-5-5\HashTable.h(66,13): error C2065: “_table”: 未声明的标识符
  (编译源文件“FileName.cpp”)
  
C:\Users\22127\source\repos\code\test-c\2025-5-5\2025-5-5\HashTable.h(70,14): error C4430: 缺少类型说明符 - 假定为 int。注意: C++ 不支持默认 int
  (编译源文件“FileName.cpp”)
  
C:\Users\22127\source\repos\code\test-c\2025-5-5\2025-5-5\HashTable.h(70,22): error C2143: 语法错误: 缺少“,”(在“&”的前面)
  (编译源文件“FileName.cpp”)
  
C:\Users\22127\source\repos\code\test-c\2025-5-5\2025-5-5\HashTable.h(70,8): error C2601: “Erase”: 本地函数定义是非法的
  (编译源文件“FileName.cpp”)
      C:\Users\22127\source\repos\code\test-c\2025-5-5\2025-5-5\HashTable.h(58,41):
      此行有一个“{”没有匹配项
  
C:\Users\22127\source\repos\code\test-c\2025-5-5\2025-5-5\HashTable.h(79,2): error C2059: 语法错误:“private”
  (编译源文件“FileName.cpp”)
  
C:\Users\22127\source\repos\code\test-c\2025-5-5\2025-5-5\HashTable.h(79,30): error C2065: “V”: 未声明的标识符
  (编译源文件“FileName.cpp”)
  
C:\Users\22127\source\repos\code\test-c\2025-5-5\2025-5-5\HashTable.h(79,18): error C2923: "open_address::HashData": "K" 不是参数 "K" 的有效 模板 类型参数
  (编译源文件“FileName.cpp”)
      C:\Users\22127\source\repos\code\test-c\2025-5-5\2025-5-5\HashTable.h(58,34):
      参见“K”的声明
  
C:\Users\22127\source\repos\code\test-c\2025-5-5\2025-5-5\HashTable.h(79,18): error C2923: "open_address::HashData": "V" 不是参数 "V" 的有效 模板 类型参数
  (编译源文件“FileName.cpp”)
      C:\Users\22127\source\repos\code\test-c\2025-5-5\2025-5-5\HashTable.h(79,30):
      参见“V”的声明
  
C:\Users\22127\source\repos\code\test-c\2025-5-5\2025-5-5\HashTable.h(79,18): error C3203: "HashData": 未指定的 类 模板 不能用作 模板 参数 "_Ty" 的 模板 参数，应为真实类型
  (编译源文件“FileName.cpp”)
  
C:\Users\22127\source\repos\code\test-c\2025-5-5\2025-5-5\HashTable.h(71,13): error C4430: 缺少类型说明符 - 假定为 int。注意: C++ 不支持默认 int
  (编译源文件“FileName.cpp”)
  
C:\Users\22127\source\repos\code\test-c\2025-5-5\2025-5-5\HashTable.h(71,19): error C2146: 语法错误: 缺少“>”(在标识符“K”的前面)
  (编译源文件“FileName.cpp”)
  
C:\Users\22127\source\repos\code\test-c\2025-5-5\2025-5-5\HashTable.h(71,22): error C2065: “V”: 未声明的标识符
  (编译源文件“FileName.cpp”)
  
C:\Users\22127\source\repos\code\test-c\2025-5-5\2025-5-5\HashTable.h(71,37): error C2065: “key”: 未声明的标识符
  (编译源文件“FileName.cpp”)
  
C:\Users\22127\source\repos\code\test-c\2025-5-5\2025-5-5\HashTable.h(74,7): error C2065: “_n”: 未声明的标识符
  (编译源文件“FileName.cpp”)
  
C:\Users\22127\source\repos\code\test-c\2025-5-5\2025-5-5\HashTable.h(102,21): error C2143: 语法错误: 缺少“;”(在“<”的前面)
  (编译源文件“FileName.cpp”)
      C:\Users\22127\source\repos\code\test-c\2025-5-5\2025-5-5\HashTable.h(102,21):
      模板实例化上下文(最早的实例化上下文)为
          C:\Users\22127\source\repos\code\test-c\2025-5-5\2025-5-5\HashTable.h(100,9):
          在编译类模板“hash_bucket::HTIteator”时
  
C:\Users\22127\source\repos\code\test-c\2025-5-5\2025-5-5\HashTable.h(102,11): error C4430: 缺少类型说明符 - 假定为 int。注意: C++ 不支持默认 int
  (编译源文件“FileName.cpp”)
  
C:\Users\22127\source\repos\code\test-c\2025-5-5\2025-5-5\HashTable.h(102,49): error C2238: 意外的标记位于“;”之前
  (编译源文件“FileName.cpp”)
  
C:\Users\22127\source\repos\code\test-c\2025-5-5\2025-5-5\HashTable.h(105,18): error C2143: 语法错误: 缺少“)”(在“*”的前面)
  (编译源文件“FileName.cpp”)
  
C:\Users\22127\source\repos\code\test-c\2025-5-5\2025-5-5\HashTable.h(105,18): error C2143: 语法错误: 缺少“;”(在“*”的前面)
  (编译源文件“FileName.cpp”)
  
C:\Users\22127\source\repos\code\test-c\2025-5-5\2025-5-5\HashTable.h(105,14): error C2377: “hash_bucket::HTIteator<K,T,KeyOfT,HashFunc>::Node”: 重定义；typedef 不能由任何其他符号重载
  (编译源文件“FileName.cpp”)
      C:\Users\22127\source\repos\code\test-c\2025-5-5\2025-5-5\HashTable.h(101,22):
      参见“hash_bucket::HTIteator<K,T,KeyOfT,HashFunc>::Node”的声明
  
C:\Users\22127\source\repos\code\test-c\2025-5-5\2025-5-5\HashTable.h(105,64): error C2059: 语法错误:“)”
  (编译源文件“FileName.cpp”)
  
C:\Users\22127\source\repos\code\test-c\2025-5-5\2025-5-5\HashTable.h(106,4): error C2334: “:”的前面有意外标记；跳过明显的函数体
  (编译源文件“FileName.cpp”)
  
C:\Users\22127\source\repos\code\test-c\2025-5-5\2025-5-5\HashTable.h(158,2): error C1903: 无法从以前的错误中恢复；正在停止编译
  (编译源文件“FileName.cpp”)
  
